<?xml version="1.0" encoding="UTF-8"?>
<testsuite xmlns:xsi="http://www.w3.org/2001/XMLSchema-instance" xsi:noNamespaceSchemaLocation="https://maven.apache.org/surefire/maven-surefire-plugin/xsd/surefire-test-report.xsd" name="com.devonfw.java.modules.swttest.Devon4jAppTest" time="141.799" tests="2" errors="2" skipped="0" failures="0">
  <properties>
[...]
</properties>
  <testcase name="importJavaProject" classname="com.devonfw.java.modules.swttest.Devon4jAppTest" time="135.034">
    <error message="Timed out waiting for tree item devon4japp-core" type="org.eclipse.swtbot.swt.finder.exceptions.WidgetNotFoundException">org.eclipse.swtbot.swt.finder.exceptions.WidgetNotFoundException: Timed out waiting for tree item devon4japp-core
	at com.devonfw.java.modules.swttest.Devon4jAppTest.runProjectTestCases(Devon4jAppTest.java:58)
	at com.devonfw.java.modules.swttest.Devon4jAppTest.importJavaProject(Devon4jAppTest.java:52)
Caused by: org.eclipse.swtbot.swt.finder.widgets.TimeoutException: Timeout after: 5000 ms.: Could not find node with text devon4japp-core
	at com.devonfw.java.modules.swttest.Devon4jAppTest.runProjectTestCases(Devon4jAppTest.java:58)
	at com.devonfw.java.modules.swttest.Devon4jAppTest.importJavaProject(Devon4jAppTest.java:52)
</error>
    <system-err><![CDATA[log4j:WARN No appenders could be found for logger (org.eclipse.swtbot.swt.finder.matchers.AbstractMatcher).
log4j:WARN Please initialize the log4j system properly.
]]></system-err>
  </testcase>
  <testcase name="com.devonfw.java.modules.swttest.Devon4jAppTest" classname="com.devonfw.java.modules.swttest.Devon4jAppTest" time="140.771">
    <error message="Timeout after: 5000 ms.: Timed out waiting for Shell {Discover m2e connect...} to close." type="org.eclipse.swtbot.swt.finder.widgets.TimeoutException">org.eclipse.swtbot.swt.finder.widgets.TimeoutException: Timeout after: 5000 ms.: Timed out waiting for Shell {Discover m2e connect...} to close.
	at com.devonfw.java.modules.swttest.Devon4jAppTest.afterClass(Devon4jAppTest.java:76)
</error>
  </testcase>
</testsuite>